[INFO - 4:22:14 PM] Extension Name: "prettier-vscode".
[INFO - 4:22:14 PM] Extension Version: "3.5.0".
[WARN - 4:22:14 PM] Falling back to bundled version of prettier.
[INFO - 4:22:14 PM] Enabling prettier for languages:
[
  "javascript",
  "mongo",
  "javascriptreact",
  "typescript",
  "typescriptreact",
  "json",
  "jsonc",
  "json5",
  "css",
  "postcss",
  "less",
  "scss",
  "graphql",
  "markdown",
  "mdx",
  "html",
  "vue",
  "yaml"
]
[INFO - 4:22:14 PM] Enabling prettier for range supported languages:
[
  "javascript",
  "javascriptreact",
  "typescript",
  "typescriptreact",
  "json",
  "graphql"
]
[WARN - 4:23:25 PM] Falling back to bundled version of prettier.
[INFO - 4:23:25 PM] Enabling prettier for languages:
[
  "javascript",
  "mongo",
  "javascriptreact",
  "typescript",
  "typescriptreact",
  "json",
  "jsonc",
  "json5",
  "css",
  "postcss",
  "less",
  "scss",
  "graphql",
  "markdown",
  "mdx",
  "html",
  "vue",
  "yaml"
]
[INFO - 4:23:25 PM] Enabling prettier for range supported languages:
[
  "javascript",
  "javascriptreact",
  "typescript",
  "typescriptreact",
  "json",
  "graphql"
]
[WARN - 4:23:25 PM] Falling back to bundled version of prettier.
[INFO - 4:23:25 PM] Enabling prettier for languages:
[
  "javascript",
  "mongo",
  "javascriptreact",
  "typescript",
  "typescriptreact",
  "json",
  "jsonc",
  "json5",
  "css",
  "postcss",
  "less",
  "scss",
  "graphql",
  "markdown",
  "mdx",
  "html",
  "vue",
  "yaml"
]
[INFO - 4:23:25 PM] Enabling prettier for range supported languages:
[
  "javascript",
  "javascriptreact",
  "typescript",
  "typescriptreact",
  "json",
  "graphql"
]
[WARN - 4:38:23 PM] Falling back to bundled version of prettier.
[INFO - 4:38:23 PM] Enabling prettier for languages:
[
  "javascript",
  "mongo",
  "javascriptreact",
  "typescript",
  "typescriptreact",
  "json",
  "jsonc",
  "json5",
  "css",
  "postcss",
  "less",
  "scss",
  "graphql",
  "markdown",
  "mdx",
  "html",
  "vue",
  "yaml"
]
[INFO - 4:38:23 PM] Enabling prettier for range supported languages:
[
  "javascript",
  "javascriptreact",
  "typescript",
  "typescriptreact",
  "json",
  "graphql"
]
[WARN - 4:38:23 PM] Falling back to bundled version of prettier.
[INFO - 4:38:23 PM] Enabling prettier for languages:
[
  "javascript",
  "mongo",
  "javascriptreact",
  "typescript",
  "typescriptreact",
  "json",
  "jsonc",
  "json5",
  "css",
  "postcss",
  "less",
  "scss",
  "graphql",
  "markdown",
  "mdx",
  "html",
  "vue",
  "yaml"
]
[INFO - 4:38:23 PM] Enabling prettier for range supported languages:
[
  "javascript",
  "javascriptreact",
  "typescript",
  "typescriptreact",
  "json",
  "graphql"
]
[WARN - 4:41:57 PM] Falling back to bundled version of prettier.
[INFO - 4:41:57 PM] Enabling prettier for languages:
[
  "javascript",
  "mongo",
  "javascriptreact",
  "typescript",
  "typescriptreact",
  "json",
  "jsonc",
  "json5",
  "css",
  "postcss",
  "less",
  "scss",
  "graphql",
  "markdown",
  "mdx",
  "html",
  "vue",
  "yaml"
]
[INFO - 4:41:58 PM] Enabling prettier for range supported languages:
[
  "javascript",
  "javascriptreact",
  "typescript",
  "typescriptreact",
  "json",
  "graphql"
]
[WARN - 4:41:58 PM] Falling back to bundled version of prettier.
[INFO - 4:41:58 PM] Enabling prettier for languages:
[
  "javascript",
  "mongo",
  "javascriptreact",
  "typescript",
  "typescriptreact",
  "json",
  "jsonc",
  "json5",
  "css",
  "postcss",
  "less",
  "scss",
  "graphql",
  "markdown",
  "mdx",
  "html",
  "vue",
  "yaml"
]
[INFO - 4:41:58 PM] Enabling prettier for range supported languages:
[
  "javascript",
  "javascriptreact",
  "typescript",
  "typescriptreact",
  "json",
  "graphql"
]
