[2019-12-30 15:08:30.471] [exthost] [info] extension host started
[2019-12-30 15:08:30.645] [exthost] [info] ExtensionService#_doActivateExtension vscode.configuration-editing {"startup":false,"extensionId":{"value":"vscode.configuration-editing","_lower":"vscode.configuration-editing"},"activationEvent":"onLanguage:json"}
[2019-12-30 15:08:30.645] [exthost] [info] ExtensionService#loadCommonJSModule file:///src/build/code-server2.1692-vsc1.39.2-linux-x86_64-built/extensions/configuration-editing/dist/extension
[2019-12-30 15:08:30.652] [exthost] [info] ExtensionService#_doActivateExtension vscode.extension-editing {"startup":false,"extensionId":{"value":"vscode.extension-editing","_lower":"vscode.extension-editing"},"activationEvent":"onLanguage:json"}
[2019-12-30 15:08:30.652] [exthost] [info] ExtensionService#loadCommonJSModule file:///src/build/code-server2.1692-vsc1.39.2-linux-x86_64-built/extensions/extension-editing/dist/extension
[2019-12-30 15:08:30.669] [exthost] [info] ExtensionService#_doActivateExtension vscode.json-language-features {"startup":false,"extensionId":{"value":"vscode.json-language-features","_lower":"vscode.json-language-features"},"activationEvent":"onLanguage:json"}
[2019-12-30 15:08:30.669] [exthost] [info] ExtensionService#loadCommonJSModule file:///src/build/code-server2.1692-vsc1.39.2-linux-x86_64-built/extensions/json-language-features/client/dist/jsonMain
[2019-12-30 15:08:30.707] [exthost] [info] ExtensionService#_doActivateExtension vscode.npm {"startup":false,"extensionId":{"value":"vscode.npm","_lower":"vscode.npm"},"activationEvent":"onLanguage:json"}
[2019-12-30 15:08:30.707] [exthost] [info] ExtensionService#loadCommonJSModule file:///src/build/code-server2.1692-vsc1.39.2-linux-x86_64-built/extensions/npm/dist/main
[2019-12-30 15:08:30.716] [exthost] [info] ExtensionService#_doActivateExtension vscode.debug-auto-launch {"startup":true,"extensionId":{"value":"vscode.debug-auto-launch","_lower":"vscode.debug-auto-launch"},"activationEvent":"*"}
[2019-12-30 15:08:30.716] [exthost] [info] ExtensionService#loadCommonJSModule file:///src/build/code-server2.1692-vsc1.39.2-linux-x86_64-built/extensions/debug-auto-launch/dist/extension
[2019-12-30 15:08:30.718] [exthost] [info] ExtensionService#_doActivateExtension vscode.emmet {"startup":true,"extensionId":{"value":"vscode.emmet","_lower":"vscode.emmet"},"activationEvent":"*"}
[2019-12-30 15:08:30.718] [exthost] [info] ExtensionService#loadCommonJSModule file:///src/build/code-server2.1692-vsc1.39.2-linux-x86_64-built/extensions/emmet/dist/extension
[2019-12-30 15:08:30.752] [exthost] [info] ExtensionService#_doActivateExtension vscode.git {"startup":true,"extensionId":{"value":"vscode.git","_lower":"vscode.git"},"activationEvent":"*"}
[2019-12-30 15:08:30.752] [exthost] [info] ExtensionService#loadCommonJSModule file:///src/build/code-server2.1692-vsc1.39.2-linux-x86_64-built/extensions/git/dist/main
[2019-12-30 15:08:30.812] [exthost] [info] ExtensionService#_doActivateExtension vscode.merge-conflict {"startup":true,"extensionId":{"value":"vscode.merge-conflict","_lower":"vscode.merge-conflict"},"activationEvent":"*"}
[2019-12-30 15:08:30.813] [exthost] [info] ExtensionService#loadCommonJSModule file:///src/build/code-server2.1692-vsc1.39.2-linux-x86_64-built/extensions/merge-conflict/dist/extension
[2019-12-30 15:08:30.816] [exthost] [info] ExtensionService#_doActivateExtension dbaeumer.vscode-eslint {"startup":true,"extensionId":{"value":"dbaeumer.vscode-eslint","_lower":"dbaeumer.vscode-eslint"},"activationEvent":"*"}
[2019-12-30 15:08:30.816] [exthost] [info] ExtensionService#loadCommonJSModule file:///root/.local/share/code-server/extensions/dbaeumer.vscode-eslint-1.9.2/client/out/extension
[2019-12-30 15:08:30.836] [exthost] [info] ExtensionService#_doActivateExtension esbenp.prettier-vscode {"startup":true,"extensionId":{"value":"esbenp.prettier-vscode","_lower":"esbenp.prettier-vscode"},"activationEvent":"*"}
[2019-12-30 15:08:30.836] [exthost] [info] ExtensionService#loadCommonJSModule file:///root/.local/share/code-server/extensions/esbenp.prettier-vscode-3.5.0/dist/extension
[2019-12-30 15:08:30.954] [exthost] [info] ExtensionService#_doActivateExtension PKief.material-icon-theme {"startup":true,"extensionId":{"value":"PKief.material-icon-theme","_lower":"pkief.material-icon-theme"},"activationEvent":"*"}
[2019-12-30 15:08:30.954] [exthost] [info] ExtensionService#loadCommonJSModule file:///root/.local/share/code-server/extensions/pkief.material-icon-theme-3.9.2/dist/extension
[2019-12-30 15:08:30.997] [exthost] [info] eager extensions activated
[2019-12-30 15:08:31.645] [exthost] [info] ExtensionService#_doActivateExtension vscode.typescript-language-features {"startup":false,"extensionId":{"value":"vscode.typescript-language-features","_lower":"vscode.typescript-language-features"},"activationEvent":"onLanguage:jsonc"}
[2019-12-30 15:08:31.645] [exthost] [info] ExtensionService#loadCommonJSModule file:///src/build/code-server2.1692-vsc1.39.2-linux-x86_64-built/extensions/typescript-language-features/dist/extension
[2019-12-30 15:10:37.540] [exthost] [info] ExtensionService#_doActivateExtension octref.vetur {"startup":false,"extensionId":{"value":"octref.vetur","_lower":"octref.vetur"},"activationEvent":"onLanguage:vue"}
[2019-12-30 15:10:37.540] [exthost] [info] ExtensionService#loadCommonJSModule file:///root/.local/share/code-server/extensions/octref.vetur-0.22.6/dist/client/vueMain
