[INFO - 10:24:36 AM] Extension Name: "prettier-vscode".
[INFO - 10:24:36 AM] Extension Version: "3.5.0".
[WARN - 10:24:36 AM] Falling back to bundled version of prettier.
[INFO - 10:24:36 AM] Enabling prettier for languages:
[
  "javascript",
  "mongo",
  "javascriptreact",
  "typescript",
  "typescriptreact",
  "json",
  "jsonc",
  "json5",
  "css",
  "postcss",
  "less",
  "scss",
  "graphql",
  "markdown",
  "mdx",
  "html",
  "vue",
  "yaml"
]
[INFO - 10:24:36 AM] Enabling prettier for range supported languages:
[
  "javascript",
  "javascriptreact",
  "typescript",
  "typescriptreact",
  "json",
  "graphql"
]
