[2019-11-20 11:42:20.163] [exthost] [info] extension host started
[2019-11-20 11:42:20.253] [exthost] [info] ExtensionService#_doActivateExtension vscode.typescript-language-features {"startup":false,"extensionId":{"value":"vscode.typescript-language-features","_lower":"vscode.typescript-language-features"},"activationEvent":"onLanguage:javascript"}
[2019-11-20 11:42:20.253] [exthost] [info] ExtensionService#loadCommonJSModule file:///src/build/code-server2.1692-vsc1.39.2-linux-x86_64-built/extensions/typescript-language-features/dist/extension
[2019-11-20 11:42:20.304] [exthost] [info] ExtensionService#_doActivateExtension vscode.debug-auto-launch {"startup":true,"extensionId":{"value":"vscode.debug-auto-launch","_lower":"vscode.debug-auto-launch"},"activationEvent":"*"}
[2019-11-20 11:42:20.304] [exthost] [info] ExtensionService#loadCommonJSModule file:///src/build/code-server2.1692-vsc1.39.2-linux-x86_64-built/extensions/debug-auto-launch/dist/extension
[2019-11-20 11:42:20.306] [exthost] [info] ExtensionService#_doActivateExtension vscode.emmet {"startup":true,"extensionId":{"value":"vscode.emmet","_lower":"vscode.emmet"},"activationEvent":"*"}
[2019-11-20 11:42:20.306] [exthost] [info] ExtensionService#loadCommonJSModule file:///src/build/code-server2.1692-vsc1.39.2-linux-x86_64-built/extensions/emmet/dist/extension
[2019-11-20 11:42:20.340] [exthost] [info] ExtensionService#_doActivateExtension vscode.git {"startup":true,"extensionId":{"value":"vscode.git","_lower":"vscode.git"},"activationEvent":"*"}
[2019-11-20 11:42:20.340] [exthost] [info] ExtensionService#loadCommonJSModule file:///src/build/code-server2.1692-vsc1.39.2-linux-x86_64-built/extensions/git/dist/main
[2019-11-20 11:42:20.422] [exthost] [info] ExtensionService#_doActivateExtension vscode.merge-conflict {"startup":true,"extensionId":{"value":"vscode.merge-conflict","_lower":"vscode.merge-conflict"},"activationEvent":"*"}
[2019-11-20 11:42:20.422] [exthost] [info] ExtensionService#loadCommonJSModule file:///src/build/code-server2.1692-vsc1.39.2-linux-x86_64-built/extensions/merge-conflict/dist/extension
[2019-11-20 11:42:20.434] [exthost] [info] eager extensions activated
[2019-11-20 11:47:20.558] [exthost] [info] extension host started
[2019-11-20 11:47:20.581] [exthost] [info] ExtensionService#_doActivateExtension vscode.debug-auto-launch {"startup":true,"extensionId":{"value":"vscode.debug-auto-launch","_lower":"vscode.debug-auto-launch"},"activationEvent":"*"}
[2019-11-20 11:47:20.581] [exthost] [info] ExtensionService#loadCommonJSModule file:///src/build/code-server2.1692-vsc1.39.2-linux-x86_64-built/extensions/debug-auto-launch/dist/extension
[2019-11-20 11:47:20.586] [exthost] [info] ExtensionService#_doActivateExtension vscode.emmet {"startup":true,"extensionId":{"value":"vscode.emmet","_lower":"vscode.emmet"},"activationEvent":"*"}
[2019-11-20 11:47:20.586] [exthost] [info] ExtensionService#loadCommonJSModule file:///src/build/code-server2.1692-vsc1.39.2-linux-x86_64-built/extensions/emmet/dist/extension
[2019-11-20 11:47:20.616] [exthost] [info] ExtensionService#_doActivateExtension vscode.git {"startup":true,"extensionId":{"value":"vscode.git","_lower":"vscode.git"},"activationEvent":"*"}
[2019-11-20 11:47:20.616] [exthost] [info] ExtensionService#loadCommonJSModule file:///src/build/code-server2.1692-vsc1.39.2-linux-x86_64-built/extensions/git/dist/main
[2019-11-20 11:47:20.678] [exthost] [info] ExtensionService#_doActivateExtension vscode.merge-conflict {"startup":true,"extensionId":{"value":"vscode.merge-conflict","_lower":"vscode.merge-conflict"},"activationEvent":"*"}
[2019-11-20 11:47:20.678] [exthost] [info] ExtensionService#loadCommonJSModule file:///src/build/code-server2.1692-vsc1.39.2-linux-x86_64-built/extensions/merge-conflict/dist/extension
[2019-11-20 11:47:20.683] [exthost] [info] eager extensions activated
[2019-11-20 11:48:18.360] [exthost] [info] ExtensionService#_doActivateExtension vscode.extension-editing {"startup":false,"extensionId":{"value":"vscode.extension-editing","_lower":"vscode.extension-editing"},"activationEvent":"onLanguage:typescript"}
[2019-11-20 11:48:18.360] [exthost] [info] ExtensionService#loadCommonJSModule file:///src/build/code-server2.1692-vsc1.39.2-linux-x86_64-built/extensions/extension-editing/dist/extension
