[2019-11-20 11:20:30.957] [exthost] [info] extension host started
[2019-11-20 11:20:31.032] [exthost] [info] ExtensionService#_doActivateExtension vscode.configuration-editing {"startup":false,"extensionId":{"value":"vscode.configuration-editing","_lower":"vscode.configuration-editing"},"activationEvent":"onLanguage:json"}
[2019-11-20 11:20:31.033] [exthost] [info] ExtensionService#loadCommonJSModule file:///src/build/code-server2.1692-vsc1.39.2-linux-x86_64-built/extensions/configuration-editing/dist/extension
[2019-11-20 11:20:31.047] [exthost] [info] ExtensionService#_doActivateExtension vscode.extension-editing {"startup":false,"extensionId":{"value":"vscode.extension-editing","_lower":"vscode.extension-editing"},"activationEvent":"onLanguage:json"}
[2019-11-20 11:20:31.047] [exthost] [info] ExtensionService#loadCommonJSModule file:///src/build/code-server2.1692-vsc1.39.2-linux-x86_64-built/extensions/extension-editing/dist/extension
[2019-11-20 11:20:31.065] [exthost] [info] ExtensionService#_doActivateExtension vscode.json-language-features {"startup":false,"extensionId":{"value":"vscode.json-language-features","_lower":"vscode.json-language-features"},"activationEvent":"onLanguage:json"}
[2019-11-20 11:20:31.065] [exthost] [info] ExtensionService#loadCommonJSModule file:///src/build/code-server2.1692-vsc1.39.2-linux-x86_64-built/extensions/json-language-features/client/dist/jsonMain
[2019-11-20 11:20:31.115] [exthost] [info] ExtensionService#_doActivateExtension vscode.npm {"startup":false,"extensionId":{"value":"vscode.npm","_lower":"vscode.npm"},"activationEvent":"onLanguage:json"}
[2019-11-20 11:20:31.115] [exthost] [info] ExtensionService#loadCommonJSModule file:///src/build/code-server2.1692-vsc1.39.2-linux-x86_64-built/extensions/npm/dist/main
[2019-11-20 11:20:31.125] [exthost] [info] ExtensionService#_doActivateExtension vscode.debug-auto-launch {"startup":true,"extensionId":{"value":"vscode.debug-auto-launch","_lower":"vscode.debug-auto-launch"},"activationEvent":"*"}
[2019-11-20 11:20:31.125] [exthost] [info] ExtensionService#loadCommonJSModule file:///src/build/code-server2.1692-vsc1.39.2-linux-x86_64-built/extensions/debug-auto-launch/dist/extension
[2019-11-20 11:20:31.127] [exthost] [info] ExtensionService#_doActivateExtension vscode.emmet {"startup":true,"extensionId":{"value":"vscode.emmet","_lower":"vscode.emmet"},"activationEvent":"*"}
[2019-11-20 11:20:31.127] [exthost] [info] ExtensionService#loadCommonJSModule file:///src/build/code-server2.1692-vsc1.39.2-linux-x86_64-built/extensions/emmet/dist/extension
[2019-11-20 11:20:31.157] [exthost] [info] ExtensionService#_doActivateExtension vscode.git {"startup":true,"extensionId":{"value":"vscode.git","_lower":"vscode.git"},"activationEvent":"*"}
[2019-11-20 11:20:31.157] [exthost] [info] ExtensionService#loadCommonJSModule file:///src/build/code-server2.1692-vsc1.39.2-linux-x86_64-built/extensions/git/dist/main
[2019-11-20 11:20:31.220] [exthost] [info] ExtensionService#_doActivateExtension vscode.merge-conflict {"startup":true,"extensionId":{"value":"vscode.merge-conflict","_lower":"vscode.merge-conflict"},"activationEvent":"*"}
[2019-11-20 11:20:31.220] [exthost] [info] ExtensionService#loadCommonJSModule file:///src/build/code-server2.1692-vsc1.39.2-linux-x86_64-built/extensions/merge-conflict/dist/extension
[2019-11-20 11:20:31.232] [exthost] [info] eager extensions activated
[2019-11-20 11:20:31.698] [exthost] [info] ExtensionService#_doActivateExtension vscode.typescript-language-features {"startup":false,"extensionId":{"value":"vscode.typescript-language-features","_lower":"vscode.typescript-language-features"},"activationEvent":"onLanguage:jsonc"}
[2019-11-20 11:20:31.698] [exthost] [info] ExtensionService#loadCommonJSModule file:///src/build/code-server2.1692-vsc1.39.2-linux-x86_64-built/extensions/typescript-language-features/dist/extension
