Looking for git in: git
Using git 2.17.1 from git
> git rev-parse --show-toplevel
fatal: not a git repository (or any parent up to mount point /opt)
Stopping at filesystem boundary (GIT_DISCOVERY_ACROSS_FILESYSTEM not set).
> git rev-parse --show-toplevel
fatal: not a git repository (or any parent up to mount point /opt)
Stopping at filesystem boundary (GIT_DISCOVERY_ACROSS_FILESYSTEM not set).
> git rev-parse --show-toplevel
> git rev-parse --git-dir
> git config --get commit.template
Open repository: /opt/html/demo
> git status -z -u
> git symbolic-ref --short HEAD
> git rev-parse master
> git rev-parse --symbolic-full-name master@{u}
> git rev-list --left-right master...refs/remotes/origin/master
> git for-each-ref --format %(refname) %(objectname) --sort -committerdate
> git remote --verbose
Failed to watch ref '/opt/html/demo/.git/refs/remotes/origin/master', is most likely packed.
Error: ENOENT: no such file or directory, watch '/opt/html/demo/.git/refs/remotes/origin/master'
	at FSWatcher.start (internal/fs/watchers.js:165:26)
	at Object.watch (fs.js:1254:11)
	at Object.t.watch (/src/build/code-server2.1697-vsc1.39.2-linux-x86_64-built/extensions/git/dist/main.js:1:594308)
	at T.updateTransientWatchers (/src/build/code-server2.1697-vsc1.39.2-linux-x86_64-built/extensions/git/dist/main.js:1:98198)
	at l.fire (/src/build/code-server2.1697-vsc1.39.2-linux-x86_64-built/out/vs/workbench/services/extensions/node/extensionHostProcess.js:50:539)
	at k.updateModelState (/src/build/code-server2.1697-vsc1.39.2-linux-x86_64-built/extensions/git/dist/main.js:1:115886)
> git rev-parse --show-toplevel
> git rev-parse --git-dir
> git config --get commit.template
Open repository: /opt/html/nuxt
> git status -z -u
> git symbolic-ref --short HEAD
> git rev-parse master
fatal: ambiguous argument 'master': unknown revision or path not in the working tree.
Use '--' to separate paths from revisions, like this:
'git <command> [<revision>...] -- [<file>...]'
> git for-each-ref --format %(refname) %(objectname) --sort -committerdate
> git remote --verbose
> git rev-parse --show-toplevel
fatal: not a git repository (or any parent up to mount point /opt)
Stopping at filesystem boundary (GIT_DISCOVERY_ACROSS_FILESYSTEM not set).
> git rev-parse --show-toplevel
> git rev-parse --git-dir
> git config --get commit.template
Open repository: /opt/html/real-world-vue
> git status -z -u
> git symbolic-ref --short HEAD
> git rev-parse master
fatal: ambiguous argument 'master': unknown revision or path not in the working tree.
Use '--' to separate paths from revisions, like this:
'git <command> [<revision>...] -- [<file>...]'
> git for-each-ref --format %(refname) %(objectname) --sort -committerdate
> git remote --verbose
> git rev-parse --show-toplevel
> git rev-parse --git-dir
> git config --get commit.template
Open repository: /opt/html/sidebar
> git status -z -u
> git check-ignore -v -z --stdin
> git check-ignore -v -z --stdin
> git check-ignore -v -z --stdin
> git symbolic-ref --short HEAD
> git rev-parse master
> git rev-parse --symbolic-full-name master@{u}
> git rev-list --left-right master...refs/remotes/origin/master
> git for-each-ref --format %(refname) %(objectname) --sort -committerdate
> git remote --verbose
Failed to watch ref '/opt/html/sidebar/.git/refs/remotes/origin/master', is most likely packed.
Error: ENOENT: no such file or directory, watch '/opt/html/sidebar/.git/refs/remotes/origin/master'
	at FSWatcher.start (internal/fs/watchers.js:165:26)
	at Object.watch (fs.js:1254:11)
	at Object.t.watch (/src/build/code-server2.1697-vsc1.39.2-linux-x86_64-built/extensions/git/dist/main.js:1:594308)
	at T.updateTransientWatchers (/src/build/code-server2.1697-vsc1.39.2-linux-x86_64-built/extensions/git/dist/main.js:1:98198)
	at l.fire (/src/build/code-server2.1697-vsc1.39.2-linux-x86_64-built/out/vs/workbench/services/extensions/node/extensionHostProcess.js:50:539)
	at k.updateModelState (/src/build/code-server2.1697-vsc1.39.2-linux-x86_64-built/extensions/git/dist/main.js:1:115886)
> git rev-parse --show-toplevel
> git rev-parse --git-dir
> git config --get commit.template
Open repository: /opt/html/test
> git status -z -u
> git symbolic-ref --short HEAD
> git rev-parse master
> git rev-parse --symbolic-full-name master@{u}
> git rev-list --left-right master...refs/remotes/origin/master
> git for-each-ref --format %(refname) %(objectname) --sort -committerdate
> git remote --verbose
Failed to watch ref '/opt/html/test/.git/refs/remotes/origin/master', is most likely packed.
Error: ENOENT: no such file or directory, watch '/opt/html/test/.git/refs/remotes/origin/master'
	at FSWatcher.start (internal/fs/watchers.js:165:26)
	at Object.watch (fs.js:1254:11)
	at Object.t.watch (/src/build/code-server2.1697-vsc1.39.2-linux-x86_64-built/extensions/git/dist/main.js:1:594308)
	at T.updateTransientWatchers (/src/build/code-server2.1697-vsc1.39.2-linux-x86_64-built/extensions/git/dist/main.js:1:98198)
	at l.fire (/src/build/code-server2.1697-vsc1.39.2-linux-x86_64-built/out/vs/workbench/services/extensions/node/extensionHostProcess.js:50:539)
	at k.updateModelState (/src/build/code-server2.1697-vsc1.39.2-linux-x86_64-built/extensions/git/dist/main.js:1:115886)
> git rev-parse --show-toplevel
> git rev-parse --git-dir
> git config --get commit.template
Open repository: /opt/html/web
> git status -z -u
> git symbolic-ref --short HEAD
> git rev-parse master
fatal: ambiguous argument 'master': unknown revision or path not in the working tree.
Use '--' to separate paths from revisions, like this:
'git <command> [<revision>...] -- [<file>...]'
> git for-each-ref --format %(refname) %(objectname) --sort -committerdate
> git remote --verbose
> git check-ignore -v -z --stdin
> git check-ignore -v -z --stdin
> git check-ignore -v -z --stdin
> git check-ignore -v -z --stdin
> git check-ignore -v -z --stdin
> git rev-parse --show-toplevel
fatal: not a git repository (or any parent up to mount point /opt)
Stopping at filesystem boundary (GIT_DISCOVERY_ACROSS_FILESYSTEM not set).
