[2019-12-30 17:25:23.265] [exthost] [info] extension host started
[2019-12-30 17:25:23.331] [exthost] [info] ExtensionService#_doActivateExtension octref.vetur {"startup":false,"extensionId":{"value":"octref.vetur","_lower":"octref.vetur"},"activationEvent":"onLanguage:vue"}
[2019-12-30 17:25:23.332] [exthost] [info] ExtensionService#loadCommonJSModule file:///root/.local/share/code-server/extensions/octref.vetur-0.22.6/dist/client/vueMain
[2019-12-30 17:25:23.378] [exthost] [info] ExtensionService#_doActivateExtension vscode.debug-auto-launch {"startup":true,"extensionId":{"value":"vscode.debug-auto-launch","_lower":"vscode.debug-auto-launch"},"activationEvent":"*"}
[2019-12-30 17:25:23.378] [exthost] [info] ExtensionService#loadCommonJSModule file:///src/build/code-server2.1697-vsc1.39.2-linux-x86_64-built/extensions/debug-auto-launch/dist/extension
[2019-12-30 17:25:23.382] [exthost] [info] ExtensionService#_doActivateExtension vscode.emmet {"startup":true,"extensionId":{"value":"vscode.emmet","_lower":"vscode.emmet"},"activationEvent":"*"}
[2019-12-30 17:25:23.382] [exthost] [info] ExtensionService#loadCommonJSModule file:///src/build/code-server2.1697-vsc1.39.2-linux-x86_64-built/extensions/emmet/dist/extension
[2019-12-30 17:25:23.422] [exthost] [info] ExtensionService#_doActivateExtension vscode.git {"startup":true,"extensionId":{"value":"vscode.git","_lower":"vscode.git"},"activationEvent":"*"}
[2019-12-30 17:25:23.422] [exthost] [info] ExtensionService#loadCommonJSModule file:///src/build/code-server2.1697-vsc1.39.2-linux-x86_64-built/extensions/git/dist/main
[2019-12-30 17:25:23.498] [exthost] [info] ExtensionService#_doActivateExtension vscode.merge-conflict {"startup":true,"extensionId":{"value":"vscode.merge-conflict","_lower":"vscode.merge-conflict"},"activationEvent":"*"}
[2019-12-30 17:25:23.498] [exthost] [info] ExtensionService#loadCommonJSModule file:///src/build/code-server2.1697-vsc1.39.2-linux-x86_64-built/extensions/merge-conflict/dist/extension
[2019-12-30 17:25:23.501] [exthost] [info] ExtensionService#_doActivateExtension dbaeumer.vscode-eslint {"startup":true,"extensionId":{"value":"dbaeumer.vscode-eslint","_lower":"dbaeumer.vscode-eslint"},"activationEvent":"*"}
[2019-12-30 17:25:23.501] [exthost] [info] ExtensionService#loadCommonJSModule file:///root/.local/share/code-server/extensions/dbaeumer.vscode-eslint-1.9.2/client/out/extension
[2019-12-30 17:25:23.520] [exthost] [info] ExtensionService#_doActivateExtension esbenp.prettier-vscode {"startup":true,"extensionId":{"value":"esbenp.prettier-vscode","_lower":"esbenp.prettier-vscode"},"activationEvent":"*"}
[2019-12-30 17:25:23.520] [exthost] [info] ExtensionService#loadCommonJSModule file:///root/.local/share/code-server/extensions/esbenp.prettier-vscode-3.5.0/dist/extension
[2019-12-30 17:25:23.630] [exthost] [info] ExtensionService#_doActivateExtension PKief.material-icon-theme {"startup":true,"extensionId":{"value":"PKief.material-icon-theme","_lower":"pkief.material-icon-theme"},"activationEvent":"*"}
[2019-12-30 17:25:23.630] [exthost] [info] ExtensionService#loadCommonJSModule file:///root/.local/share/code-server/extensions/pkief.material-icon-theme-3.9.2/dist/extension
[2019-12-30 17:25:23.810] [exthost] [info] eager extensions activated
[2019-12-30 17:34:44.874] [exthost] [error] [octref.vetur] provider FAILED
[2019-12-30 17:34:44.875] [exthost] [error] Error: name must not be falsy
	at Function.validate (/src/build/code-server2.1697-vsc1.39.2-linux-x86_64-built/out/vs/workbench/services/extensions/node/extensionHostProcess.js:355:799)
	at new y (/src/build/code-server2.1697-vsc1.39.2-linux-x86_64-built/out/vs/workbench/services/extensions/node/extensionHostProcess.js:355:748)
	at new y (/src/build/code-server2.1697-vsc1.39.2-linux-x86_64-built/out/vs/workbench/services/extensions/node/extensionHostProcess.js:344:643)
	at asSymbolInformation (/root/.local/share/code-server/extensions/octref.vetur-0.22.6/node_modules/vscode-languageclient/lib/protocolConverter.js:411:22)
	at values.map.information (/root/.local/share/code-server/extensions/octref.vetur-0.22.6/node_modules/vscode-languageclient/lib/protocolConverter.js:400:42)
	at Array.map (<anonymous>)
	at Object.asSymbolInformations (/root/.local/share/code-server/extensions/octref.vetur-0.22.6/node_modules/vscode-languageclient/lib/protocolConverter.js:400:23)
	at client.sendRequest.then (/root/.local/share/code-server/extensions/octref.vetur-0.22.6/node_modules/vscode-languageclient/lib/client.js:1005:62)
[2019-12-30 17:57:01.147] [exthost] [info] ExtensionService#_doActivateExtension vscode.typescript-language-features {"startup":false,"extensionId":{"value":"vscode.typescript-language-features","_lower":"vscode.typescript-language-features"},"activationEvent":"onLanguage:javascript"}
[2019-12-30 17:57:01.147] [exthost] [info] ExtensionService#loadCommonJSModule file:///src/build/code-server2.1697-vsc1.39.2-linux-x86_64-built/extensions/typescript-language-features/dist/extension
